Using pre-set license
Built from '2020.3/release' branch; Version is '2020.3.7f1 (dd97f2c94397) revision 14522354'; Using compiler version '192528614'; Build Type 'Release'
OS: 'Windows 10 Pro; OS build 19043.1288; Version 2009; 64bit' Language: 'nl' Physical Memory: 32703 MB
BatchMode: 1, IsHumanControllingUs: 0, StartBugReporterOnCrash: 0, Is64bit: 1, IsPro: 0

 COMMAND LINE ARGUMENTS:
C:\Program Files\Unity\Hub\Editor\2020.3.7f1\Editor\Unity.exe
-adb2
-batchMode
-noUpm
-name
AssetImportWorker0
-projectPath
D:/GitHub/extendednavalcombat/Extended Naval Combat
-logFile
Logs/AssetImportWorker0.log
-srvPort
63720
Successfully changed project path to: D:/GitHub/extendednavalcombat/Extended Naval Combat
D:/GitHub/extendednavalcombat/Extended Naval Combat
Using Asset Import Pipeline V2.
Refreshing native plugins compatible for Editor in 39.45 ms, found 0 plugins.
Preloading 0 native plugins for Editor in 0.00 ms.
Initialize engine version: 2020.3.7f1 (dd97f2c94397)
[Subsystems] Discovering subsystems at path C:/Program Files/Unity/Hub/Editor/2020.3.7f1/Editor/Data/Resources/UnitySubsystems
[Subsystems] Discovering subsystems at path D:/GitHub/extendednavalcombat/Extended Naval Combat/Assets
GfxDevice: creating device client; threaded=0
Direct3D:
    Version:  Direct3D 11.0 [level 11.1]
    Renderer: AMD Radeon RX 6800 XT (ID=0x73bf)
    Vendor:   
    VRAM:     16338 MB
    Driver:   30.0.13033.1000
Initialize mono
Mono path[0] = 'C:/Program Files/Unity/Hub/Editor/2020.3.7f1/Editor/Data/Managed'
Mono path[1] = 'C:/Program Files/Unity/Hub/Editor/2020.3.7f1/Editor/Data/MonoBleedingEdge/lib/mono/unityjit'
Mono config path = 'C:/Program Files/Unity/Hub/Editor/2020.3.7f1/Editor/Data/MonoBleedingEdge/etc'
Using monoOptions --debugger-agent=transport=dt_socket,embedding=1,server=y,suspend=n,address=127.0.0.1:56284
Begin MonoManager ReloadAssembly
Registering precompiled unity dll's ...
Register platform support module: C:/Program Files/Unity/Hub/Editor/2020.3.7f1/Editor/Data/PlaybackEngines/WindowsStandaloneSupport/UnityEditor.WindowsStandalone.Extensions.dll
Registered in 0.004041 seconds.
Native extension for WindowsStandalone target not found
Refreshing native plugins compatible for Editor in 25.86 ms, found 0 plugins.
Preloading 0 native plugins for Editor in 0.00 ms.
Mono: successfully reloaded assembly
- Completed reload, in  1.195 seconds
Platform modules already initialized, skipping
Registering precompiled user dll's ...
Registered in 0.025534 seconds.
Begin MonoManager ReloadAssembly
Native extension for WindowsStandalone target not found
Refreshing native plugins compatible for Editor in 20.85 ms, found 0 plugins.
Preloading 0 native plugins for Editor in 0.00 ms.
[AssetDatabase] Startup...
UnityEngine.StackTraceUtility:ExtractStackTrace ()
UnityEngine.DebugLogHandler:LogFormat (UnityEngine.LogType,UnityEngine.Object,string,object[])
UnityEngine.Logger:Log (UnityEngine.LogType,object)
UnityEngine.Debug:Log (object)
Amplitude.Framework.Asset.AssetDatabase:.cctor ()
System.Runtime.CompilerServices.RuntimeHelpers:RunClassConstructor (System.RuntimeTypeHandle)
UnityEditor.EditorAssemblies:ProcessInitializeOnLoadAttributes (System.Type[])

Mono: successfully reloaded assembly
- Completed reload, in  1.574 seconds
Platform modules already initialized, skipping
========================================================================
Worker process is ready to serve import requests
Launched and connected shader compiler UnityShaderCompiler.exe after 0.07 seconds
Refreshing native plugins compatible for Editor in 0.36 ms, found 0 plugins.
Preloading 0 native plugins for Editor in 0.00 ms.
Unloading 1179 Unused Serialized files (Serialized files now loaded: 0)
System memory in use before: 64.3 MB.
System memory in use after: 64.4 MB.

Unloading 59 unused Assets to reduce memory usage. Loaded Objects now: 3365.
Total: 18.801500 ms (FindLiveObjects: 0.201000 ms CreateObjectMapping: 0.095700 ms MarkObjects: 18.403400 ms  DeleteObjects: 0.099500 ms)

========================================================================
Received Import Request.
  path: Assets/Databases/Unit/LandUnitDescriptor 1.asset
  artifactKey: Guid(ad63797a9900150498381d4a4ae4e6c7) Importer(815301076,1909f56bfc062723c751e8b465ee728b)
Start importing Assets/Databases/Unit/LandUnitDescriptor 1.asset using Guid(ad63797a9900150498381d4a4ae4e6c7) Importer(815301076,1909f56bfc062723c751e8b465ee728b)  -> (artifact id: 'b30496002fc6ff4110956fda0221c445') in 0.049350 seconds
  Import took 0.091079 seconds .

========================================================================
Received Import Request.
  Time since last request: 0.469422 seconds.
  path: Assets/Databases/Unit/LandUnitDescriptor.asset
  artifactKey: Guid(66fa6bacf8595a946944985aa6e3fd84) Importer(815301076,1909f56bfc062723c751e8b465ee728b)
Start importing Assets/Databases/Unit/LandUnitDescriptor.asset using Guid(66fa6bacf8595a946944985aa6e3fd84) Importer(815301076,1909f56bfc062723c751e8b465ee728b)  -> (artifact id: '2433084a94c214a4e22e37a20c53913e') in 0.005915 seconds
  Import took 0.050762 seconds .

========================================================================
Received Import Request.
  Time since last request: 1.870229 seconds.
  path: Assets/Databases/Unit/LandUnitDescriptor.asset
  artifactKey: Guid(66fa6bacf8595a946944985aa6e3fd84) Importer(815301076,1909f56bfc062723c751e8b465ee728b)
Start importing Assets/Databases/Unit/LandUnitDescriptor.asset using Guid(66fa6bacf8595a946944985aa6e3fd84) Importer(815301076,1909f56bfc062723c751e8b465ee728b)  -> (artifact id: 'f32f994e0606fa841f0b6451d42e496f') in 0.010439 seconds
  Import took 0.013699 seconds .

========================================================================
Received Import Request.
  Time since last request: 0.039498 seconds.
  path: Assets/Databases/Unit/LandUnitDescriptor.asset
  artifactKey: Guid(66fa6bacf8595a946944985aa6e3fd84) Importer(815301076,1909f56bfc062723c751e8b465ee728b)
Start importing Assets/Databases/Unit/LandUnitDescriptor.asset using Guid(66fa6bacf8595a946944985aa6e3fd84) Importer(815301076,1909f56bfc062723c751e8b465ee728b)  -> (artifact id: 'f32f994e0606fa841f0b6451d42e496f') in 0.010801 seconds
  Import took 0.013148 seconds .

========================================================================
Received Import Request.
  Time since last request: 24.247220 seconds.
  path: Assets/Databases/Unit/LandUnitUIMappers.asset
  artifactKey: Guid(7f2e0cbfd1334494db4342b9abc40f87) Importer(815301076,1909f56bfc062723c751e8b465ee728b)
Start importing Assets/Databases/Unit/LandUnitUIMappers.asset using Guid(7f2e0cbfd1334494db4342b9abc40f87) Importer(815301076,1909f56bfc062723c751e8b465ee728b)  -> (artifact id: 'e89aa3f13214d2c2b1d9d7e62d641d65') in 0.010666 seconds
  Import took 0.037193 seconds .

========================================================================
Received Import Request.
  Time since last request: 78.370163 seconds.
  path: Assets/Databases/Technologies/ResearchCostModifierDefinition.asset
  artifactKey: Guid(c14d173c28e4b184db03dfdd39479216) Importer(815301076,1909f56bfc062723c751e8b465ee728b)
Start importing Assets/Databases/Technologies/ResearchCostModifierDefinition.asset using Guid(c14d173c28e4b184db03dfdd39479216) Importer(815301076,1909f56bfc062723c751e8b465ee728b)  -> (artifact id: '4774edab5bcbbfe0fc556f081df11a76') in 0.008463 seconds
  Import took 0.015460 seconds .

========================================================================
Received Import Request.
  Time since last request: 3.117039 seconds.
  path: Assets/Databases/Technologies/ResearchCostModifierDefinition.asset
  artifactKey: Guid(c14d173c28e4b184db03dfdd39479216) Importer(815301076,1909f56bfc062723c751e8b465ee728b)
Start importing Assets/Databases/Technologies/ResearchCostModifierDefinition.asset using Guid(c14d173c28e4b184db03dfdd39479216) Importer(815301076,1909f56bfc062723c751e8b465ee728b)  -> (artifact id: '8083cf710e9b4ff89b65fb1f7e28b80e') in 0.004498 seconds
  Import took 0.020902 seconds .

========================================================================
Received Import Request.
  Time since last request: 3.797843 seconds.
  path: Assets/Databases/Technologies/ResearchCostModifierDefinition.asset
  artifactKey: Guid(c14d173c28e4b184db03dfdd39479216) Importer(815301076,1909f56bfc062723c751e8b465ee728b)
Start importing Assets/Databases/Technologies/ResearchCostModifierDefinition.asset using Guid(c14d173c28e4b184db03dfdd39479216) Importer(815301076,1909f56bfc062723c751e8b465ee728b)  -> (artifact id: '17d2a86ebd2f9368d761908a34d80892') in 0.004430 seconds
  Import took 0.007166 seconds .

========================================================================
Received Import Request.
  Time since last request: 0.008691 seconds.
  path: Assets/Databases/Technologies/ResearchCostModifierDefinition.asset
  artifactKey: Guid(c14d173c28e4b184db03dfdd39479216) Importer(815301076,1909f56bfc062723c751e8b465ee728b)
Start importing Assets/Databases/Technologies/ResearchCostModifierDefinition.asset using Guid(c14d173c28e4b184db03dfdd39479216) Importer(815301076,1909f56bfc062723c751e8b465ee728b)  -> (artifact id: '17d2a86ebd2f9368d761908a34d80892') in 0.005361 seconds
  Import took 0.007634 seconds .

========================================================================
Received Import Request.
  Time since last request: 202.703763 seconds.
  path: Assets/Databases/Technologies/TechnologyUIMappers.asset
  artifactKey: Guid(0d3f85ee2fb28d84ca152b72935f3d86) Importer(815301076,1909f56bfc062723c751e8b465ee728b)
Start importing Assets/Databases/Technologies/TechnologyUIMappers.asset using Guid(0d3f85ee2fb28d84ca152b72935f3d86) Importer(815301076,1909f56bfc062723c751e8b465ee728b)  -> (artifact id: '8c2b976e5c294cc366363369d52de4e8') in 0.014352 seconds
  Import took 0.261551 seconds .

========================================================================
Received Prepare
Refreshing native plugins compatible for Editor in 9.70 ms, found 0 plugins.
Preloading 0 native plugins for Editor in 0.00 ms.
Unloading 52 Unused Serialized files (Serialized files now loaded: 0)
System memory in use before: 41.9 MB.
System memory in use after: 42.1 MB.

Unloading 52 unused Assets to reduce memory usage. Loaded Objects now: 3365.
Total: 19.142100 ms (FindLiveObjects: 0.203100 ms CreateObjectMapping: 0.077900 ms MarkObjects: 18.829700 ms  DeleteObjects: 0.030500 ms)

========================================================================
Received Import Request.
  Time since last request: 50.631339 seconds.
  path: Assets/Databases/Technologies/TechnologyUIMappers.asset
  artifactKey: Guid(0d3f85ee2fb28d84ca152b72935f3d86) Importer(815301076,1909f56bfc062723c751e8b465ee728b)
Start importing Assets/Databases/Technologies/TechnologyUIMappers.asset using Guid(0d3f85ee2fb28d84ca152b72935f3d86) Importer(815301076,1909f56bfc062723c751e8b465ee728b)  -> (artifact id: 'f5c395ac1e1055d38d2dd7591ad5f596') in 0.010441 seconds
  Import took 0.042406 seconds .

========================================================================
Received Import Request.
  Time since last request: 265.607487 seconds.
  path: Assets/Databases/Unit/LandUnitDescriptor.asset
  artifactKey: Guid(66fa6bacf8595a946944985aa6e3fd84) Importer(815301076,1909f56bfc062723c751e8b465ee728b)
Start importing Assets/Databases/Unit/LandUnitDescriptor.asset using Guid(66fa6bacf8595a946944985aa6e3fd84) Importer(815301076,1909f56bfc062723c751e8b465ee728b)  -> (artifact id: '4e8f03acaaedfe2e46a20c8b20ddcea0') in 0.006371 seconds
  Import took 0.024739 seconds .

========================================================================
Received Import Request.
  Time since last request: 0.041264 seconds.
  path: Assets/Databases/Unit/LandUnitDescriptor.asset
  artifactKey: Guid(66fa6bacf8595a946944985aa6e3fd84) Importer(815301076,1909f56bfc062723c751e8b465ee728b)
Start importing Assets/Databases/Unit/LandUnitDescriptor.asset using Guid(66fa6bacf8595a946944985aa6e3fd84) Importer(815301076,1909f56bfc062723c751e8b465ee728b)  -> (artifact id: '4e8f03acaaedfe2e46a20c8b20ddcea0') in 0.005646 seconds
  Import took 0.007849 seconds .

========================================================================
Received Import Request.
  Time since last request: 19.545536 seconds.
  path: Assets/Databases/Unit/LandUnitDescriptor.asset
  artifactKey: Guid(66fa6bacf8595a946944985aa6e3fd84) Importer(815301076,1909f56bfc062723c751e8b465ee728b)
Start importing Assets/Databases/Unit/LandUnitDescriptor.asset using Guid(66fa6bacf8595a946944985aa6e3fd84) Importer(815301076,1909f56bfc062723c751e8b465ee728b)  -> (artifact id: '2f3bbf4b1d16e51d2b562aa7b2ba6112') in 0.007030 seconds
  Import took 0.018385 seconds .

========================================================================
Received Import Request.
  Time since last request: 0.002177 seconds.
  path: Assets/Databases/Unit/LandUnitDescriptor.asset
  artifactKey: Guid(66fa6bacf8595a946944985aa6e3fd84) Importer(815301076,1909f56bfc062723c751e8b465ee728b)
Start importing Assets/Databases/Unit/LandUnitDescriptor.asset using Guid(66fa6bacf8595a946944985aa6e3fd84) Importer(815301076,1909f56bfc062723c751e8b465ee728b)  -> (artifact id: '2f3bbf4b1d16e51d2b562aa7b2ba6112') in 0.009615 seconds
  Import took 0.011869 seconds .

========================================================================
Received Prepare
Refreshing native plugins compatible for Editor in 9.56 ms, found 0 plugins.
Preloading 0 native plugins for Editor in 0.00 ms.
Unloading 52 Unused Serialized files (Serialized files now loaded: 0)
System memory in use before: 41.9 MB.
System memory in use after: 42.1 MB.

Unloading 52 unused Assets to reduce memory usage. Loaded Objects now: 3365.
Total: 18.188000 ms (FindLiveObjects: 0.239600 ms CreateObjectMapping: 0.084700 ms MarkObjects: 17.834400 ms  DeleteObjects: 0.027600 ms)

========================================================================
Received Import Request.
  Time since last request: 711.415779 seconds.
  path: Assets/Databases/Technologies/TechnologyDefinition.asset
  artifactKey: Guid(9b5b1c33cb8a9164c862fcd4581bc7ef) Importer(815301076,1909f56bfc062723c751e8b465ee728b)
Start importing Assets/Databases/Technologies/TechnologyDefinition.asset using Guid(9b5b1c33cb8a9164c862fcd4581bc7ef) Importer(815301076,1909f56bfc062723c751e8b465ee728b)  -> (artifact id: '42bc52667eb85b78dd0e48f4b2695475') in 0.165897 seconds
  Import took 0.177081 seconds .

========================================================================
Received Import Request.
  Time since last request: 281.343034 seconds.
  path: Assets/Databases/Technologies/TechnologyUIMappers.asset
  artifactKey: Guid(0d3f85ee2fb28d84ca152b72935f3d86) Importer(815301076,1909f56bfc062723c751e8b465ee728b)
Start importing Assets/Databases/Technologies/TechnologyUIMappers.asset using Guid(0d3f85ee2fb28d84ca152b72935f3d86) Importer(815301076,1909f56bfc062723c751e8b465ee728b)  -> (artifact id: '0813642cdff99084aa26eb5d5464faba') in 0.009897 seconds
  Import took 0.030839 seconds .

========================================================================
Received Import Request.
  Time since last request: 0.006732 seconds.
  path: Assets/Databases/Technologies/TechnologyUIMappers.asset
  artifactKey: Guid(0d3f85ee2fb28d84ca152b72935f3d86) Importer(815301076,1909f56bfc062723c751e8b465ee728b)
Start importing Assets/Databases/Technologies/TechnologyUIMappers.asset using Guid(0d3f85ee2fb28d84ca152b72935f3d86) Importer(815301076,1909f56bfc062723c751e8b465ee728b)  -> (artifact id: '0813642cdff99084aa26eb5d5464faba') in 0.008654 seconds
  Import took 0.016824 seconds .

========================================================================
Received Import Request.
  Time since last request: 746.743375 seconds.
  path: Assets/Databases/Technologies/TechnologyDefinition.asset
  artifactKey: Guid(9b5b1c33cb8a9164c862fcd4581bc7ef) Importer(815301076,1909f56bfc062723c751e8b465ee728b)
Start importing Assets/Databases/Technologies/TechnologyDefinition.asset using Guid(9b5b1c33cb8a9164c862fcd4581bc7ef) Importer(815301076,1909f56bfc062723c751e8b465ee728b)  -> (artifact id: '076687b8ee5fe44bbafe6fc4115c20a3') in 0.016295 seconds
  Import took 0.020264 seconds .

========================================================================
Received Import Request.
  Time since last request: 0.020072 seconds.
  path: Assets/Databases/Technologies/TechnologyDefinition.asset
  artifactKey: Guid(9b5b1c33cb8a9164c862fcd4581bc7ef) Importer(815301076,1909f56bfc062723c751e8b465ee728b)
Start importing Assets/Databases/Technologies/TechnologyDefinition.asset using Guid(9b5b1c33cb8a9164c862fcd4581bc7ef) Importer(815301076,1909f56bfc062723c751e8b465ee728b)  -> (artifact id: '076687b8ee5fe44bbafe6fc4115c20a3') in 0.018108 seconds
  Import took 0.021899 seconds .

========================================================================
Received Import Request.
  Time since last request: 22.388797 seconds.
  path: Assets/Databases/Technologies/TechnologyDefinition.asset
  artifactKey: Guid(9b5b1c33cb8a9164c862fcd4581bc7ef) Importer(815301076,1909f56bfc062723c751e8b465ee728b)
Start importing Assets/Databases/Technologies/TechnologyDefinition.asset using Guid(9b5b1c33cb8a9164c862fcd4581bc7ef) Importer(815301076,1909f56bfc062723c751e8b465ee728b)  -> (artifact id: 'b5b4b9f13a538b18e0e885349e909df6') in 0.016022 seconds
  Import took 0.026961 seconds .

========================================================================
Received Import Request.
  Time since last request: 0.004009 seconds.
  path: Assets/Databases/Technologies/TechnologyDefinition.asset
  artifactKey: Guid(9b5b1c33cb8a9164c862fcd4581bc7ef) Importer(815301076,1909f56bfc062723c751e8b465ee728b)
Start importing Assets/Databases/Technologies/TechnologyDefinition.asset using Guid(9b5b1c33cb8a9164c862fcd4581bc7ef) Importer(815301076,1909f56bfc062723c751e8b465ee728b)  -> (artifact id: 'b5b4b9f13a538b18e0e885349e909df6') in 0.018736 seconds
  Import took 0.021089 seconds .

========================================================================
Received Import Request.
  Time since last request: 44.166817 seconds.
  path: Assets/Databases/Technologies/TechnologyUIMappers.asset
  artifactKey: Guid(0d3f85ee2fb28d84ca152b72935f3d86) Importer(815301076,1909f56bfc062723c751e8b465ee728b)
Start importing Assets/Databases/Technologies/TechnologyUIMappers.asset using Guid(0d3f85ee2fb28d84ca152b72935f3d86) Importer(815301076,1909f56bfc062723c751e8b465ee728b)  -> (artifact id: 'c72620497c58a192ace73e6d70cef53d') in 0.010468 seconds
  Import took 0.040782 seconds .

========================================================================
Received Import Request.
  Time since last request: 0.010720 seconds.
  path: Assets/Databases/Technologies/TechnologyUIMappers.asset
  artifactKey: Guid(0d3f85ee2fb28d84ca152b72935f3d86) Importer(815301076,1909f56bfc062723c751e8b465ee728b)
Start importing Assets/Databases/Technologies/TechnologyUIMappers.asset using Guid(0d3f85ee2fb28d84ca152b72935f3d86) Importer(815301076,1909f56bfc062723c751e8b465ee728b)  -> (artifact id: 'c72620497c58a192ace73e6d70cef53d') in 0.008483 seconds
  Import took 0.010767 seconds .

========================================================================
Received Import Request.
  Time since last request: 12.500187 seconds.
  path: Assets/Databases/Technologies/TechnologyUIMappers.asset
  artifactKey: Guid(0d3f85ee2fb28d84ca152b72935f3d86) Importer(815301076,1909f56bfc062723c751e8b465ee728b)
Start importing Assets/Databases/Technologies/TechnologyUIMappers.asset using Guid(0d3f85ee2fb28d84ca152b72935f3d86) Importer(815301076,1909f56bfc062723c751e8b465ee728b)  -> (artifact id: 'ba8360bb56e3e5869285bbdafdf10cbb') in 0.010276 seconds
  Import took 0.026002 seconds .

========================================================================
Received Import Request.
  Time since last request: 0.003129 seconds.
  path: Assets/Databases/Technologies/TechnologyUIMappers.asset
  artifactKey: Guid(0d3f85ee2fb28d84ca152b72935f3d86) Importer(815301076,1909f56bfc062723c751e8b465ee728b)
Start importing Assets/Databases/Technologies/TechnologyUIMappers.asset using Guid(0d3f85ee2fb28d84ca152b72935f3d86) Importer(815301076,1909f56bfc062723c751e8b465ee728b)  -> (artifact id: 'ba8360bb56e3e5869285bbdafdf10cbb') in 0.011799 seconds
  Import took 0.019531 seconds .

========================================================================
Received Import Request.
  Time since last request: 2.887798 seconds.
  path: Assets/Databases/Technologies/TechnologyUIMappers.asset
  artifactKey: Guid(0d3f85ee2fb28d84ca152b72935f3d86) Importer(815301076,1909f56bfc062723c751e8b465ee728b)
Start importing Assets/Databases/Technologies/TechnologyUIMappers.asset using Guid(0d3f85ee2fb28d84ca152b72935f3d86) Importer(815301076,1909f56bfc062723c751e8b465ee728b)  -> (artifact id: '585dc77eb5ba93f128f1f02d447c9697') in 0.009613 seconds
  Import took 0.023392 seconds .

========================================================================
Received Import Request.
  Time since last request: 0.004359 seconds.
  path: Assets/Databases/Technologies/TechnologyUIMappers.asset
  artifactKey: Guid(0d3f85ee2fb28d84ca152b72935f3d86) Importer(815301076,1909f56bfc062723c751e8b465ee728b)
Start importing Assets/Databases/Technologies/TechnologyUIMappers.asset using Guid(0d3f85ee2fb28d84ca152b72935f3d86) Importer(815301076,1909f56bfc062723c751e8b465ee728b)  -> (artifact id: '585dc77eb5ba93f128f1f02d447c9697') in 0.009427 seconds
  Import took 0.020760 seconds .

========================================================================
Received Import Request.
  Time since last request: 63.264265 seconds.
  path: Assets/Databases/Technologies/TechnologyDefinition.asset
  artifactKey: Guid(9b5b1c33cb8a9164c862fcd4581bc7ef) Importer(815301076,1909f56bfc062723c751e8b465ee728b)
Start importing Assets/Databases/Technologies/TechnologyDefinition.asset using Guid(9b5b1c33cb8a9164c862fcd4581bc7ef) Importer(815301076,1909f56bfc062723c751e8b465ee728b)  -> (artifact id: '6fe010a52a41cb3256f64e316c4ea1c4') in 0.016512 seconds
  Import took 0.019325 seconds .

========================================================================
Received Import Request.
  Time since last request: 0.029591 seconds.
  path: Assets/Databases/Technologies/TechnologyDefinition.asset
  artifactKey: Guid(9b5b1c33cb8a9164c862fcd4581bc7ef) Importer(815301076,1909f56bfc062723c751e8b465ee728b)
Start importing Assets/Databases/Technologies/TechnologyDefinition.asset using Guid(9b5b1c33cb8a9164c862fcd4581bc7ef) Importer(815301076,1909f56bfc062723c751e8b465ee728b)  -> (artifact id: '6fe010a52a41cb3256f64e316c4ea1c4') in 0.016899 seconds
  Import took 0.023103 seconds .

========================================================================
Received Prepare
Refreshing native plugins compatible for Editor in 9.72 ms, found 0 plugins.
Preloading 0 native plugins for Editor in 0.00 ms.
Unloading 52 Unused Serialized files (Serialized files now loaded: 0)
System memory in use before: 42.0 MB.
System memory in use after: 42.2 MB.

Unloading 52 unused Assets to reduce memory usage. Loaded Objects now: 3365.
Total: 20.089200 ms (FindLiveObjects: 0.227100 ms CreateObjectMapping: 0.085700 ms MarkObjects: 19.741100 ms  DeleteObjects: 0.033500 ms)

========================================================================
Received Import Request.
  Time since last request: 627.719947 seconds.
  path: Assets/Databases/Technologies/TechnologyUIMappers.asset
  artifactKey: Guid(0d3f85ee2fb28d84ca152b72935f3d86) Importer(815301076,1909f56bfc062723c751e8b465ee728b)
Start importing Assets/Databases/Technologies/TechnologyUIMappers.asset using Guid(0d3f85ee2fb28d84ca152b72935f3d86) Importer(815301076,1909f56bfc062723c751e8b465ee728b)  -> (artifact id: 'ab41c903c206837e1ae1b635bd461483') in 0.027754 seconds
  Import took 0.058267 seconds .

========================================================================
Received Import Request.
  Time since last request: 151.106352 seconds.
  path: Assets/Databases/Technologies/TechnologyDefinition.asset
  artifactKey: Guid(9b5b1c33cb8a9164c862fcd4581bc7ef) Importer(815301076,1909f56bfc062723c751e8b465ee728b)
Start importing Assets/Databases/Technologies/TechnologyDefinition.asset using Guid(9b5b1c33cb8a9164c862fcd4581bc7ef) Importer(815301076,1909f56bfc062723c751e8b465ee728b)  -> (artifact id: '689040bc841ad246f49ff794e21742aa') in 0.017040 seconds
  Import took 0.045250 seconds .

========================================================================
Received Import Request.
  Time since last request: 3.310536 seconds.
  path: Assets/Databases/Technologies/TechnologyDefinition.asset
  artifactKey: Guid(9b5b1c33cb8a9164c862fcd4581bc7ef) Importer(815301076,1909f56bfc062723c751e8b465ee728b)
Start importing Assets/Databases/Technologies/TechnologyDefinition.asset using Guid(9b5b1c33cb8a9164c862fcd4581bc7ef) Importer(815301076,1909f56bfc062723c751e8b465ee728b)  -> (artifact id: '689040bc841ad246f49ff794e21742aa') in 0.017659 seconds
  Import took 0.020184 seconds .

========================================================================
Received Prepare
Refreshing native plugins compatible for Editor in 10.14 ms, found 0 plugins.
Preloading 0 native plugins for Editor in 0.00 ms.
Unloading 52 Unused Serialized files (Serialized files now loaded: 0)
System memory in use before: 42.0 MB.
System memory in use after: 42.2 MB.

Unloading 52 unused Assets to reduce memory usage. Loaded Objects now: 3365.
Total: 19.092700 ms (FindLiveObjects: 0.226600 ms CreateObjectMapping: 0.081000 ms MarkObjects: 18.755400 ms  DeleteObjects: 0.028400 ms)

========================================================================
Received Import Request.
  Time since last request: 128.674795 seconds.
  path: Assets/Databases/Technologies/TechnologyDefinition.asset
  artifactKey: Guid(9b5b1c33cb8a9164c862fcd4581bc7ef) Importer(815301076,1909f56bfc062723c751e8b465ee728b)
Start importing Assets/Databases/Technologies/TechnologyDefinition.asset using Guid(9b5b1c33cb8a9164c862fcd4581bc7ef) Importer(815301076,1909f56bfc062723c751e8b465ee728b)  -> (artifact id: 'a5a5a458b4a50ec37f6a701cb940a861') in 0.080945 seconds
  Import took 0.100747 seconds .

