Using pre-set license
Built from '2020.3/release' branch; Version is '2020.3.7f1 (dd97f2c94397) revision 14522354'; Using compiler version '192528614'; Build Type 'Release'
OS: 'Windows 10 Pro; OS build 19043.1288; Version 2009; 64bit' Language: 'nl' Physical Memory: 32703 MB
BatchMode: 1, IsHumanControllingUs: 0, StartBugReporterOnCrash: 0, Is64bit: 1, IsPro: 0

 COMMAND LINE ARGUMENTS:
C:\Program Files\Unity\Hub\Editor\2020.3.7f1\Editor\Unity.exe
-adb2
-batchMode
-noUpm
-name
AssetImportWorker0
-projectPath
D:/GitHub/extendednavalcombat/Extended Naval Combat
-logFile
Logs/AssetImportWorker0.log
-srvPort
49694
Successfully changed project path to: D:/GitHub/extendednavalcombat/Extended Naval Combat
D:/GitHub/extendednavalcombat/Extended Naval Combat
Using Asset Import Pipeline V2.
Refreshing native plugins compatible for Editor in 30.20 ms, found 0 plugins.
Preloading 0 native plugins for Editor in 0.00 ms.
Initialize engine version: 2020.3.7f1 (dd97f2c94397)
[Subsystems] Discovering subsystems at path C:/Program Files/Unity/Hub/Editor/2020.3.7f1/Editor/Data/Resources/UnitySubsystems
[Subsystems] Discovering subsystems at path D:/GitHub/extendednavalcombat/Extended Naval Combat/Assets
GfxDevice: creating device client; threaded=0
Direct3D:
    Version:  Direct3D 11.0 [level 11.1]
    Renderer: AMD Radeon RX 6800 XT (ID=0x73bf)
    Vendor:   
    VRAM:     16338 MB
    Driver:   30.0.13033.1000
Initialize mono
Mono path[0] = 'C:/Program Files/Unity/Hub/Editor/2020.3.7f1/Editor/Data/Managed'
Mono path[1] = 'C:/Program Files/Unity/Hub/Editor/2020.3.7f1/Editor/Data/MonoBleedingEdge/lib/mono/unityjit'
Mono config path = 'C:/Program Files/Unity/Hub/Editor/2020.3.7f1/Editor/Data/MonoBleedingEdge/etc'
Using monoOptions --debugger-agent=transport=dt_socket,embedding=1,server=y,suspend=n,address=127.0.0.1:56360
Begin MonoManager ReloadAssembly
Registering precompiled unity dll's ...
Register platform support module: C:/Program Files/Unity/Hub/Editor/2020.3.7f1/Editor/Data/PlaybackEngines/WindowsStandaloneSupport/UnityEditor.WindowsStandalone.Extensions.dll
Registered in 0.002724 seconds.
Native extension for WindowsStandalone target not found
Refreshing native plugins compatible for Editor in 19.71 ms, found 0 plugins.
Preloading 0 native plugins for Editor in 0.00 ms.
Mono: successfully reloaded assembly
- Completed reload, in  0.934 seconds
Platform modules already initialized, skipping
Registering precompiled user dll's ...
Registered in 0.019821 seconds.
Begin MonoManager ReloadAssembly
Native extension for WindowsStandalone target not found
Refreshing native plugins compatible for Editor in 19.28 ms, found 0 plugins.
Preloading 0 native plugins for Editor in 0.00 ms.
[AssetDatabase] Startup...
UnityEngine.StackTraceUtility:ExtractStackTrace ()
UnityEngine.DebugLogHandler:LogFormat (UnityEngine.LogType,UnityEngine.Object,string,object[])
UnityEngine.Logger:Log (UnityEngine.LogType,object)
UnityEngine.Debug:Log (object)
Amplitude.Framework.Asset.AssetDatabase:.cctor ()
System.Runtime.CompilerServices.RuntimeHelpers:RunClassConstructor (System.RuntimeTypeHandle)
UnityEditor.EditorAssemblies:ProcessInitializeOnLoadAttributes (System.Type[])

Mono: successfully reloaded assembly
- Completed reload, in  1.517 seconds
Platform modules already initialized, skipping
========================================================================
Worker process is ready to serve import requests
Launched and connected shader compiler UnityShaderCompiler.exe after 0.05 seconds
Refreshing native plugins compatible for Editor in 0.47 ms, found 0 plugins.
Preloading 0 native plugins for Editor in 0.00 ms.
Unloading 1179 Unused Serialized files (Serialized files now loaded: 0)
System memory in use before: 64.4 MB.
System memory in use after: 64.5 MB.

Unloading 59 unused Assets to reduce memory usage. Loaded Objects now: 3365.
Total: 18.138700 ms (FindLiveObjects: 0.208600 ms CreateObjectMapping: 0.083800 ms MarkObjects: 17.779100 ms  DeleteObjects: 0.065600 ms)

========================================================================
Received Import Request.
  path: Assets/Databases/Technologies/TechnologyDefinition.asset
  artifactKey: Guid(9b5b1c33cb8a9164c862fcd4581bc7ef) Importer(815301076,1909f56bfc062723c751e8b465ee728b)
Start importing Assets/Databases/Technologies/TechnologyDefinition.asset using Guid(9b5b1c33cb8a9164c862fcd4581bc7ef) Importer(815301076,1909f56bfc062723c751e8b465ee728b)  -> (artifact id: 'e8b29a66ddb46f915697b595e54a5d1f') in 0.163778 seconds
  Import took 0.167285 seconds .

========================================================================
Received Import Request.
  Time since last request: 33.946262 seconds.
  path: Assets/Databases/Technologies/TechnologyDefinition.asset
  artifactKey: Guid(9b5b1c33cb8a9164c862fcd4581bc7ef) Importer(815301076,1909f56bfc062723c751e8b465ee728b)
Start importing Assets/Databases/Technologies/TechnologyDefinition.asset using Guid(9b5b1c33cb8a9164c862fcd4581bc7ef) Importer(815301076,1909f56bfc062723c751e8b465ee728b)  -> (artifact id: '504306a698230ce4632c761685ac8c2e') in 0.018933 seconds
  Import took 0.050267 seconds .

========================================================================
Received Import Request.
  Time since last request: 21.045737 seconds.
  path: Assets/Databases/Technologies/TechnologyDefinition.asset
  artifactKey: Guid(9b5b1c33cb8a9164c862fcd4581bc7ef) Importer(815301076,1909f56bfc062723c751e8b465ee728b)
Start importing Assets/Databases/Technologies/TechnologyDefinition.asset using Guid(9b5b1c33cb8a9164c862fcd4581bc7ef) Importer(815301076,1909f56bfc062723c751e8b465ee728b)  -> (artifact id: 'b4764389bb0b5a320b91948617a3b191') in 0.016551 seconds
  Import took 0.019065 seconds .

========================================================================
Received Import Request.
  Time since last request: 89.853967 seconds.
  path: Assets/Databases/Technologies/TechnologyDefinition.asset
  artifactKey: Guid(9b5b1c33cb8a9164c862fcd4581bc7ef) Importer(815301076,1909f56bfc062723c751e8b465ee728b)
Start importing Assets/Databases/Technologies/TechnologyDefinition.asset using Guid(9b5b1c33cb8a9164c862fcd4581bc7ef) Importer(815301076,1909f56bfc062723c751e8b465ee728b)  -> (artifact id: '3f4faab2872d0d81cd5f5aae2712d8bd') in 0.014845 seconds
  Import took 0.017340 seconds .

========================================================================
Received Import Request.
  Time since last request: 0.000667 seconds.
  path: Assets/Databases/Technologies/TechnologyDefinition.asset
  artifactKey: Guid(9b5b1c33cb8a9164c862fcd4581bc7ef) Importer(815301076,1909f56bfc062723c751e8b465ee728b)
Start importing Assets/Databases/Technologies/TechnologyDefinition.asset using Guid(9b5b1c33cb8a9164c862fcd4581bc7ef) Importer(815301076,1909f56bfc062723c751e8b465ee728b)  -> (artifact id: '3f4faab2872d0d81cd5f5aae2712d8bd') in 0.015205 seconds
  Import took 0.017530 seconds .

========================================================================
Received Import Request.
  Time since last request: 42.360773 seconds.
  path: Assets/Databases/Technologies/TechnologyDefinition.asset
  artifactKey: Guid(9b5b1c33cb8a9164c862fcd4581bc7ef) Importer(815301076,1909f56bfc062723c751e8b465ee728b)
Start importing Assets/Databases/Technologies/TechnologyDefinition.asset using Guid(9b5b1c33cb8a9164c862fcd4581bc7ef) Importer(815301076,1909f56bfc062723c751e8b465ee728b)  -> (artifact id: 'da5f09faa702908a32a80203201fc791') in 0.015137 seconds
  Import took 0.017546 seconds .

========================================================================
Received Prepare
Refreshing native plugins compatible for Editor in 9.71 ms, found 0 plugins.
Preloading 0 native plugins for Editor in 0.00 ms.
Unloading 52 Unused Serialized files (Serialized files now loaded: 0)
System memory in use before: 41.9 MB.
System memory in use after: 42.1 MB.

Unloading 52 unused Assets to reduce memory usage. Loaded Objects now: 3365.
Total: 18.511600 ms (FindLiveObjects: 0.257500 ms CreateObjectMapping: 0.092800 ms MarkObjects: 18.122700 ms  DeleteObjects: 0.032800 ms)

AssetImportWorkerClient::OnTransportError - code=2 error=End of file
